PRISM
=====

Version: 4.8
Date: Wed Dec 13 03:36:58 GMT 2023
Hostname: 8bc725441c97
Memory limits: cudd=1g, java(heap)=1g
Command line: prism turn_auto.prism turn_auto.specs -exportstrat stdout

Parsing model file "turn_auto.prism"...

Type:        MDP
Modules:     turner straight
Variables:   a fast b

Parsing properties file "turn_auto.specs"...

1 property:
(1) Pmax=? [ G !(a=5&b=4)&(F (a=6)) ]

---------------------------------------------------------------------

Model checking: Pmax=? [ G !(a=5&b=4)&(F (a=6)) ]

Warning: Switching to explicit engine to allow strategy generation.

Building model...

Computing reachable states... 60 states
Reachable states exploration and model construction done in 0.037 secs.
Sorting reachable states list...

Time for model construction: 0.077 seconds.

Type:        MDP
States:      60 (1 initial)
Transitions: 702
Choices:     145
Max/avg:     3/2.42

Building deterministic automaton (for G "L0"&(F "L1"))...
DRA has 5 states, 1 Rabin pairs.
Time for DRA translation: 0.038 seconds.
Constructing MDP-DRA product...
Time for product construction: 0.008 seconds, product has 76 states (1 initial), 790 transitions, 191 choices, dist max/avg = 3/2.51.

Finding accepting MECs...

Computing reachability probabilities...

Starting probabilistic reachability (max)...
Starting Prob0 (max)...
Prob0 (max) took 6 iterations and 0.002 seconds.
Starting Prob1 (max)...
Prob1 (max) took 26 iterations and 0.006 seconds.
target=2, yes=22, no=18, maybe=36
Starting value iteration (max, with Power method)...
Value iteration (max, with Power method) took 23 iterations, 12558 multiplications and 0.009 seconds.
Probabilistic reachability took 0.028 seconds.

Value in the initial state: 0.7758568370069194

Time for model checking: 0.109 seconds.

Result: 0.7758568370069194 (+/- 6.906178969048693E-6 estimated; rel err 8.901357363416648E-6)

Exporting strategy as actions below:
(1,1,1),4:slow
(1,0,1),4:acc
(1,0,2),4:go
(1,1,2),4:slow
(2,0,1),4:go
(2,0,2),4:go
(2,1,1),4:slow
(2,1,2),4:slow
(1,0,3),4:go
(1,1,3),4:slow
(2,0,3),4:go
(2,1,3),4:slow
(3,0,1),4:turn
(3,0,2),4:turn
(3,1,1),4:slow
(3,1,2),4:slow
(3,0,3),4:turn
(3,1,3),4:slow
(1,0,4),4:go
(1,1,4),4:slow
(2,0,4),4:go
(2,1,4),4:slow
(3,0,4),4:turn
(3,1,4),4:slow
(5,0,1),4:acc
(5,0,2),4:acc
(5,0,3),4:acc
(1,0,5),4:go
(1,1,5),4:slow
(2,0,5),4:go
(2,1,5),4:slow
(3,0,5),4:turn
(3,1,5),4:slow
(5,0,5),4:go
(5,1,1),4:go
(5,1,2),4:go
(6,0,1),3:go
(6,0,2),3:go
(6,1,1),3:go
(6,1,2),3:go
(5,1,3),4:go
(6,0,3),3:go
(6,1,3),3:go
(6,0,4),3:go
(6,1,4),3:go
(5,1,5),4:go
(6,0,5),3:go
(6,1,5),3:go
(6,0,1),0:go
(6,0,2),0:go
(6,0,3),0:go
(6,1,1),0:go
(6,1,2),0:go
(6,1,3),0:go
(6,0,4),0:go
(6,1,4),0:go

---------------------------------------------------------------------

Note: There was 1 warning during computation.

